Virtual User Script started at: 18/05/2024 08:28:35 AM
Starting action vuser_init.
Web Turbo Replay of LoadRunner 2024.1.0 for Windows 11; build 667 (Feb 07 2024 17:45:41)  	[MsgId: MMSG-26983]
Run mode: HTML  	[MsgId: MMSG-26993]
Replay user agent: Mozilla/5.0 (Windows NT 10.0; Win64; x64) AppleWebKit/537.36 (KHTML, like Gecko) Chrome/124.0.0.0 Safari/537.36  	[MsgId: MMSG-26988]
Runtime Settings file: "C:\Users\lalor\Documents\Git\Software-Quality-and-Engineering---UP\Fundamentos de pruebas y calidad de software\Guardian\\default.cfg"  	[MsgId: MMSG-27141]
Ending action vuser_init.
Running Vuser...
Starting iteration 1.
Maximum number of concurrent connections per server: 6  	[MsgId: MMSG-26989]
Starting action Action.
Action.c(10): web_set_sockets_option started  	[MsgId: MMSG-26355]
Action.c(10): web_set_sockets_option was successful  	[MsgId: MMSG-26392]
Action.c(11): web_cache_cleanup started  	[MsgId: MMSG-26355]
Action.c(11): web_cache_cleanup was successful  	[MsgId: MMSG-26392]
Action.c(12): web_cleanup_cookies started  	[MsgId: MMSG-26355]
Action.c(12): web_cleanup_cookies was successful  	[MsgId: MMSG-26392]
Action.c(15): web_reg_find started  	[MsgId: MMSG-26355]
Action.c(15): Registering web_reg_find was successful  	[MsgId: MMSG-26390]
Action.c(16): Notify: Transaction "Whole_workflow_01-Alive" started.
Action.c(17): web_url("a") started  	[MsgId: MMSG-26355]
Action.c(17): Registered web_reg_find successful for "Text="success":true" (count=1)  	[MsgId: MMSG-26364]
Action.c(17): web_url("a") was successful, 45 body bytes, 163 header bytes  	[MsgId: MMSG-26386]
Action.c(23): Notify: Transaction "Whole_workflow_01-Alive" ended with a "Pass" status (Duration: 0.5457 Wasted Time: 0.1017).
Action.c(26): web_reg_find started  	[MsgId: MMSG-26355]
Action.c(26): Registering web_reg_find was successful  	[MsgId: MMSG-26390]
Action.c(27): Notify: Transaction "Whole_workflow_02-Questions" started.
Action.c(28): web_url("b") started  	[MsgId: MMSG-26355]
Action.c(28): Registered web_reg_find successful for "Text="success":true" (count=1)  	[MsgId: MMSG-26364]
Action.c(28): web_url("b") was successful, 552 body bytes, 164 header bytes  	[MsgId: MMSG-26386]
Action.c(34): Notify: Transaction "Whole_workflow_02-Questions" ended with a "Pass" status (Duration: 0.1399 Wasted Time: 0.0058).
Action.c(39): web_reg_find started  	[MsgId: MMSG-26355]
Action.c(39): Registering web_reg_find was successful  	[MsgId: MMSG-26390]
Action.c(40): Notify: Transaction "Whole_workflow_03-Create" started.
Action.c(41): web_custom_request("c") started  	[MsgId: MMSG-26355]
Action.c(41): Registered web_reg_find successful for "Text="success":true" (count=1)  	[MsgId: MMSG-26364]
Action.c(41): web_custom_request("c") was successful, 59 body bytes, 163 header bytes  	[MsgId: MMSG-26386]
Action.c(50): Notify: Transaction "Whole_workflow_03-Create" ended with a "Pass" status (Duration: 0.1710 Wasted Time: 0.0082).
Action.c(53): web_reg_find started  	[MsgId: MMSG-26355]
Action.c(53): Registering web_reg_find was successful  	[MsgId: MMSG-26390]
Action.c(54): Notify: Transaction "Whole_workflow_04-User-Questions" started.
Action.c(55): web_url("d") started  	[MsgId: MMSG-26355]
Action.c(55): Registered web_reg_find successful for "Text="success":true" (count=1)  	[MsgId: MMSG-26364]
Action.c(55): web_url("d") was successful, 185 body bytes, 164 header bytes  	[MsgId: MMSG-26386]
Action.c(61): Notify: Transaction "Whole_workflow_04-User-Questions" ended with a "Pass" status (Duration: 0.1395 Wasted Time: 0.0101).
Action.c(64): web_reg_find started  	[MsgId: MMSG-26355]
Action.c(64): Registering web_reg_find was successful  	[MsgId: MMSG-26390]
Action.c(65): Notify: Transaction "Whole_workflow_05-Update-Password" started.
Action.c(66): web_custom_request("e") started  	[MsgId: MMSG-26355]
Action.c(66): Registered web_reg_find successful for "Text="success":true" (count=1)  	[MsgId: MMSG-26364]
Action.c(66): web_custom_request("e") was successful, 81 body bytes, 163 header bytes  	[MsgId: MMSG-26386]
Action.c(75): Notify: Transaction "Whole_workflow_05-Update-Password" ended with a "Pass" status (Duration: 0.1561 Wasted Time: 0.0053).
Action.c(78): web_reg_save_param_ex started  	[MsgId: MMSG-26355]
Action.c(78): Registering web_reg_save_param_ex was successful  	[MsgId: MMSG-26390]
Action.c(84): web_reg_find started  	[MsgId: MMSG-26355]
Action.c(84): Registering web_reg_find was successful  	[MsgId: MMSG-26390]
Action.c(85): Notify: Transaction "Whole_workflow_06-Login" started.
Action.c(86): web_custom_request("f") started  	[MsgId: MMSG-26355]
Action.c(86): Registered web_reg_find successful for "Text="success":true" (count=1)  	[MsgId: MMSG-26364]
Action.c(86): web_custom_request("f") was successful, 167 body bytes, 164 header bytes  	[MsgId: MMSG-26386]
Action.c(95): Notify: Transaction "Whole_workflow_06-Login" ended with a "Pass" status (Duration: 0.1705 Wasted Time: 0.0066).
Action.c(97): web_add_auto_header("Authorization") started  	[MsgId: MMSG-26355]
Action.c(97): Warning -26592: The header being added may cause unpredictable results when applied to all ensuing URLs. It is added anyway  	[MsgId: MWAR-26592]
Action.c(97): web_add_auto_header("Authorization") highest severity level was "warning"  	[MsgId: MMSG-26391]
Action.c(100): web_reg_find started  	[MsgId: MMSG-26355]
Action.c(100): Registering web_reg_find was successful  	[MsgId: MMSG-26390]
Action.c(101): Notify: Transaction "Whole_workflow_07-Create-Credential" started.
Action.c(102): web_custom_request("g") started  	[MsgId: MMSG-26355]
Action.c(102): Registered web_reg_find successful for "Text="success":true" (count=1)  	[MsgId: MMSG-26364]
Action.c(102): web_custom_request("g") was successful, 17 body bytes, 163 header bytes  	[MsgId: MMSG-26386]
Action.c(111): Notify: Transaction "Whole_workflow_07-Create-Credential" ended with a "Pass" status (Duration: 0.1698 Wasted Time: 0.0103).
Action.c(114): web_reg_save_param_ex started  	[MsgId: MMSG-26355]
Action.c(114): Registering web_reg_save_param_ex was successful  	[MsgId: MMSG-26390]
Action.c(120): web_reg_find started  	[MsgId: MMSG-26355]
Action.c(120): Registering web_reg_find was successful  	[MsgId: MMSG-26390]
Action.c(121): Notify: Transaction "Whole_workflow_08-List" started.
Action.c(122): web_custom_request("h") started  	[MsgId: MMSG-26355]
Action.c(122): Registered web_reg_find successful for "Text="success":true" (count=1)  	[MsgId: MMSG-26364]
Action.c(122): web_custom_request("h") was successful, 147 body bytes, 164 header bytes  	[MsgId: MMSG-26386]
Action.c(130): Notify: Transaction "Whole_workflow_08-List" ended with a "Pass" status (Duration: 0.1397 Wasted Time: 0.0065).
Action.c(133): web_reg_find started  	[MsgId: MMSG-26355]
Action.c(133): Registering web_reg_find was successful  	[MsgId: MMSG-26390]
Action.c(134): Notify: Transaction "Whole_workflow_09-Search" started.
Action.c(135): web_custom_request("i") started  	[MsgId: MMSG-26355]
Action.c(135): Registered web_reg_find successful for "Text="success":true" (count=1)  	[MsgId: MMSG-26364]
Action.c(135): web_custom_request("i") was successful, 147 body bytes, 164 header bytes  	[MsgId: MMSG-26386]
Action.c(143): Notify: Transaction "Whole_workflow_09-Search" ended with a "Pass" status (Duration: 0.1386 Wasted Time: 0.0075).
Action.c(149): web_reg_find started  	[MsgId: MMSG-26355]
Action.c(149): Registering web_reg_find was successful  	[MsgId: MMSG-26390]
Action.c(150): Notify: Transaction "Whole_workflow_10-Update-credential" started.
Action.c(151): web_custom_request("j") started  	[MsgId: MMSG-26355]
Action.c(151): Registered web_reg_find successful for "Text="success":true" (count=1)  	[MsgId: MMSG-26364]
Action.c(151): web_custom_request("j") was successful, 17 body bytes, 163 header bytes  	[MsgId: MMSG-26386]
Action.c(160): Notify: Transaction "Whole_workflow_10-Update-credential" ended with a "Pass" status (Duration: 0.1711 Wasted Time: 0.0087).
Action.c(165): web_reg_find started  	[MsgId: MMSG-26355]
Action.c(165): Registering web_reg_find was successful  	[MsgId: MMSG-26390]
Action.c(166): Notify: Transaction "Whole_workflow_11-Get-credential" started.
Action.c(167): web_custom_request("k") started  	[MsgId: MMSG-26355]
Action.c(167): Registered web_reg_find successful for "Text="success":true" (count=1)  	[MsgId: MMSG-26364]
Action.c(167): web_custom_request("k") was successful, 203 body bytes, 164 header bytes  	[MsgId: MMSG-26386]
Action.c(175): Notify: Transaction "Whole_workflow_11-Get-credential" ended with a "Pass" status (Duration: 0.1407 Wasted Time: 0.0058).
Action.c(180): web_reg_find started  	[MsgId: MMSG-26355]
Action.c(180): Registering web_reg_find was successful  	[MsgId: MMSG-26390]
Action.c(181): Notify: Transaction "Whole_workflow_12-Delete-credential" started.
Action.c(182): web_custom_request("l") started  	[MsgId: MMSG-26355]
Action.c(182): Registered web_reg_find successful for "Text="success":true" (count=1)  	[MsgId: MMSG-26364]
Action.c(182): web_custom_request("l") was successful, 17 body bytes, 163 header bytes  	[MsgId: MMSG-26386]
Action.c(190): Notify: Transaction "Whole_workflow_12-Delete-credential" ended with a "Pass" status (Duration: 0.1853 Wasted Time: 0.0055).
Action.c(193): web_reg_find started  	[MsgId: MMSG-26355]
Action.c(193): Registering web_reg_find was successful  	[MsgId: MMSG-26390]
Action.c(194): Notify: Transaction "Whole_workflow_13-Export" started.
Action.c(195): web_custom_request("m") started  	[MsgId: MMSG-26355]
Action.c(195): Registered web_reg_find successful for "Text="success":true" (count=1)  	[MsgId: MMSG-26364]
Action.c(195): web_custom_request("m") was successful, 46 body bytes, 163 header bytes  	[MsgId: MMSG-26386]
Action.c(203): Notify: Transaction "Whole_workflow_13-Export" ended with a "Pass" status (Duration: 0.1847 Wasted Time: 0.0057).
Action.c(206): web_reg_find started  	[MsgId: MMSG-26355]
Action.c(206): Registering web_reg_find was successful  	[MsgId: MMSG-26390]
Action.c(207): Notify: Transaction "Whole_workflow_14-Delete-account" started.
Action.c(208): web_custom_request("m") started  	[MsgId: MMSG-26355]
Action.c(208): Registered web_reg_find successful for "Text="success":true" (count=1)  	[MsgId: MMSG-26364]
Action.c(208): web_custom_request("m") was successful, 17 body bytes, 163 header bytes  	[MsgId: MMSG-26386]
Action.c(216): Notify: Transaction "Whole_workflow_14-Delete-account" ended with a "Pass" status (Duration: 0.1682 Wasted Time: 0.0056).
Action.c(218): web_remove_auto_header("Authorization") started  	[MsgId: MMSG-26355]
Action.c(218): Previous automatically added web header for "Authorization" removed  	[MsgId: MMSG-26586]
Action.c(218): web_remove/revert_auto_header("Authorization") was successful  	[MsgId: MMSG-26392]
Ending action Action.
Ending iteration 1.
Ending Vuser...
Starting action vuser_end.
Ending action vuser_end.
Vuser Terminated.
