Start auto log messages stack.	[MsgId: MMSG-10546]
vuser_init.c(11): web_set_sockets_option was successful  	[MsgId: MMSG-26392]
vuser_init.c(12): web_cache_cleanup started  	[MsgId: MMSG-26355]
vuser_init.c(12): web_cache_cleanup was successful  	[MsgId: MMSG-26392]
vuser_init.c(13): web_cleanup_cookies started  	[MsgId: MMSG-26355]
vuser_init.c(13): web_cleanup_cookies was successful  	[MsgId: MMSG-26392]
vuser_init.c(19): web_reg_find started  	[MsgId: MMSG-26355]
vuser_init.c(19): Registering web_reg_find was successful  	[MsgId: MMSG-26390]
vuser_init.c(20): Notify: Transaction "Performance-Create" started.	[MsgId: MMSG-16999]
vuser_init.c(21): web_custom_request("Create") started  	[MsgId: MMSG-26355]
vuser_init.c(21): Error -35196: HTTP Status-Code=418 (I'M A TEAPOT) for "https://api.guardian.4736251.xyz/user/"  	[MsgId: MERR-35196]
vuser_init.c(21): Error -26366: "Text="success":true" not found for web_reg_find  	[MsgId: MERR-26366]
End auto log messages stack.	[MsgId: MMSG-10544]


Start auto log messages stack.	[MsgId: MMSG-10546]
vuser_init.c(11): web_set_sockets_option was successful  	[MsgId: MMSG-26392]
vuser_init.c(12): web_cache_cleanup started  	[MsgId: MMSG-26355]
vuser_init.c(12): web_cache_cleanup was successful  	[MsgId: MMSG-26392]
vuser_init.c(13): web_cleanup_cookies started  	[MsgId: MMSG-26355]
vuser_init.c(13): web_cleanup_cookies was successful  	[MsgId: MMSG-26392]
vuser_init.c(19): web_reg_find started  	[MsgId: MMSG-26355]
vuser_init.c(19): Registering web_reg_find was successful  	[MsgId: MMSG-26390]
vuser_init.c(20): Notify: Transaction "Performance-Create" started.	[MsgId: MMSG-16999]
vuser_init.c(21): web_custom_request("Create") started  	[MsgId: MMSG-26355]
vuser_init.c(21): Error -35196: HTTP Status-Code=418 (I'M A TEAPOT) for "https://api.guardian.4736251.xyz/user/"  	[MsgId: MERR-35196]
vuser_init.c(21): Error -26366: "Text="success":true" not found for web_reg_find  	[MsgId: MERR-26366]
End auto log messages stack.	[MsgId: MMSG-10544]


Start auto log messages stack.	[MsgId: MMSG-10546]
vuser_init.c(11): web_set_sockets_option was successful  	[MsgId: MMSG-26392]
vuser_init.c(12): web_cache_cleanup started  	[MsgId: MMSG-26355]
vuser_init.c(12): web_cache_cleanup was successful  	[MsgId: MMSG-26392]
vuser_init.c(13): web_cleanup_cookies started  	[MsgId: MMSG-26355]
vuser_init.c(13): web_cleanup_cookies was successful  	[MsgId: MMSG-26392]
vuser_init.c(19): web_reg_find started  	[MsgId: MMSG-26355]
vuser_init.c(19): Registering web_reg_find was successful  	[MsgId: MMSG-26390]
vuser_init.c(20): Notify: Transaction "Performance-Create" started.	[MsgId: MMSG-16999]
vuser_init.c(21): web_custom_request("Create") started  	[MsgId: MMSG-26355]
vuser_init.c(21): Error -35196: HTTP Status-Code=418 (I'M A TEAPOT) for "https://api.guardian.4736251.xyz/user/"  	[MsgId: MERR-35196]
vuser_init.c(21): Error -26366: "Text="success":true" not found for web_reg_find  	[MsgId: MERR-26366]
End auto log messages stack.	[MsgId: MMSG-10544]


Start auto log messages stack.	[MsgId: MMSG-10546]
vuser_init.c(11): web_set_sockets_option was successful  	[MsgId: MMSG-26392]
vuser_init.c(12): web_cache_cleanup started  	[MsgId: MMSG-26355]
vuser_init.c(12): web_cache_cleanup was successful  	[MsgId: MMSG-26392]
vuser_init.c(13): web_cleanup_cookies started  	[MsgId: MMSG-26355]
vuser_init.c(13): web_cleanup_cookies was successful  	[MsgId: MMSG-26392]
vuser_init.c(19): web_reg_find started  	[MsgId: MMSG-26355]
vuser_init.c(19): Registering web_reg_find was successful  	[MsgId: MMSG-26390]
vuser_init.c(20): Notify: Transaction "Performance-Create" started.	[MsgId: MMSG-16999]
vuser_init.c(21): web_custom_request("Create") started  	[MsgId: MMSG-26355]
vuser_init.c(21): Error -35196: HTTP Status-Code=418 (I'M A TEAPOT) for "https://api.guardian.4736251.xyz/user/"  	[MsgId: MERR-35196]
vuser_init.c(21): Error -26366: "Text="success":true" not found for web_reg_find  	[MsgId: MERR-26366]
End auto log messages stack.	[MsgId: MMSG-10544]


Start auto log messages stack.	[MsgId: MMSG-10546]
vuser_init.c(11): web_set_sockets_option was successful  	[MsgId: MMSG-26392]
vuser_init.c(12): web_cache_cleanup started  	[MsgId: MMSG-26355]
vuser_init.c(12): web_cache_cleanup was successful  	[MsgId: MMSG-26392]
vuser_init.c(13): web_cleanup_cookies started  	[MsgId: MMSG-26355]
vuser_init.c(13): web_cleanup_cookies was successful  	[MsgId: MMSG-26392]
vuser_init.c(19): web_reg_find started  	[MsgId: MMSG-26355]
vuser_init.c(19): Registering web_reg_find was successful  	[MsgId: MMSG-26390]
vuser_init.c(20): Notify: Transaction "Performance-Create" started.	[MsgId: MMSG-16999]
vuser_init.c(21): web_custom_request("Create") started  	[MsgId: MMSG-26355]
vuser_init.c(21): Error -35196: HTTP Status-Code=418 (I'M A TEAPOT) for "https://api.guardian.4736251.xyz/user/"  	[MsgId: MERR-35196]
vuser_init.c(21): Error -26366: "Text="success":true" not found for web_reg_find  	[MsgId: MERR-26366]
End auto log messages stack.	[MsgId: MMSG-10544]


