Start auto log messages stack - Iteration 1.	[MsgId: MMSG-10545]
Action.c(134): web_link("Specialized Tours") highest severity level was "warning", 0 body bytes, 286 header bytes  	[MsgId: MMSG-26388]
Action.c(143): Notify: Transaction "Case_g01_05_Specialized-Tours" ended with a "Pass" status (Duration: 0.1785 Wasted Time: 0.0000).	[MsgId: MMSG-16871]
Action.c(147): lr_think_time: 42.00 seconds.	[MsgId: MMSG-15948]
Action.c(149): Notify: Transaction "Case_g01_06_More-Of-Where-We-Go" started.	[MsgId: MMSG-16999]
Action.c(151): web_url("More%20of%20Where%20we%20Go.html") started  	[MsgId: MMSG-26355]
Action.c(151): Error -27792: Failed to connect to server "www.mercury-tours.com:80": [10060] Connection timed out  	[MsgId: MERR-27792]
End auto log messages stack.	[MsgId: MMSG-10544]


Start auto log messages stack - Iteration 1.	[MsgId: MMSG-10545]
Action.c(134): web_link("Specialized Tours") highest severity level was "warning", 0 body bytes, 286 header bytes  	[MsgId: MMSG-26388]
Action.c(143): Notify: Transaction "Case_g01_05_Specialized-Tours" ended with a "Pass" status (Duration: 0.2258 Wasted Time: 0.0000).	[MsgId: MMSG-16871]
Action.c(147): lr_think_time: 42.00 seconds.	[MsgId: MMSG-15948]
Action.c(149): Notify: Transaction "Case_g01_06_More-Of-Where-We-Go" started.	[MsgId: MMSG-16999]
Action.c(151): web_url("More%20of%20Where%20we%20Go.html") started  	[MsgId: MMSG-26355]
Action.c(151): Error -27792: Failed to connect to server "www.mercury-tours.com:80": [10060] Connection timed out  	[MsgId: MERR-27792]
End auto log messages stack.	[MsgId: MMSG-10544]


Start auto log messages stack - Iteration 1.	[MsgId: MMSG-10545]
Action.c(134): web_link("Specialized Tours") highest severity level was "warning", 0 body bytes, 286 header bytes  	[MsgId: MMSG-26388]
Action.c(143): Notify: Transaction "Case_g01_05_Specialized-Tours" ended with a "Pass" status (Duration: 0.1662 Wasted Time: 0.0000).	[MsgId: MMSG-16871]
Action.c(147): lr_think_time: 42.00 seconds.	[MsgId: MMSG-15948]
Action.c(149): Notify: Transaction "Case_g01_06_More-Of-Where-We-Go" started.	[MsgId: MMSG-16999]
Action.c(151): web_url("More%20of%20Where%20we%20Go.html") started  	[MsgId: MMSG-26355]
Action.c(151): Error -27792: Failed to connect to server "www.mercury-tours.com:80": [10060] Connection timed out  	[MsgId: MERR-27792]
End auto log messages stack.	[MsgId: MMSG-10544]


Start auto log messages stack - Iteration 2.	[MsgId: MMSG-10545]
Action.c(41): web_custom_request("json") started  	[MsgId: MMSG-26355]
Action.c(41): Connection to clientservices.googleapis.com:443 closed after being inactive for 60 seconds, exceeding the "HTTP Keep-Alive timeout" Runtime Setting (60 seconds). URL="[None]"  	[MsgId: MMSG-27647]
Action.c(41): web_custom_request("json") was successful, 3172 body bytes, 1153 header bytes  	[MsgId: MMSG-26386]
Action.c(74): lr_think_time: 31.00 seconds.	[MsgId: MMSG-15948]
Action.c(76): Notify: Transaction "Case_g01_02_Our-Coaches" started.	[MsgId: MMSG-16999]
Action.c(78): web_url("Our_Coaches.html") started  	[MsgId: MMSG-26355]
Action.c(78): Connection to lh3.googleusercontent.com:443 closed after being inactive for 90 seconds, exceeding the "HTTP Keep-Alive timeout" Runtime Setting (60 seconds). URL="[None]"  	[MsgId: MMSG-27647]
Action.c(78): Error -27792: Failed to connect to server "www.mercury-tours.com:80": [10060] Connection timed out  	[MsgId: MERR-27792]
End auto log messages stack.	[MsgId: MMSG-10544]


Start auto log messages stack - Iteration 2.	[MsgId: MMSG-10545]
Action.c(78): web_url("Our_Coaches.html") was successful, 153272 body bytes, 4097 header bytes  	[MsgId: MMSG-26386]
Action.c(87): web_url("l") started  	[MsgId: MMSG-26355]
Action.c(87): web_url("l") was successful, 1069 body bytes, 1353 header bytes  	[MsgId: MMSG-26386]
Action.c(96): Notify: Transaction "Case_g01_02_Our-Coaches" ended with a "Pass" status (Duration: 0.7817 Wasted Time: 0.0000).	[MsgId: MMSG-16871]
Action.c(100): lr_think_time: 46.00 seconds.	[MsgId: MMSG-15948]
Action.c(102): Notify: Transaction "Case_g01_03_Contact-Us" started.	[MsgId: MMSG-16999]
Action.c(104): web_url("Contact_Us.html") started  	[MsgId: MMSG-26355]
Action.c(104): Connection to update.googleapis.com:443 closed after being inactive for 77 seconds, exceeding the "HTTP Keep-Alive timeout" Runtime Setting (60 seconds). URL="[None]"  	[MsgId: MMSG-27647]
Action.c(104): Error -27792: Failed to connect to server "www.mercury-tours.com:80": [10060] Connection timed out  	[MsgId: MERR-27792]
End auto log messages stack.	[MsgId: MMSG-10544]


Start auto log messages stack - Iteration 2.	[MsgId: MMSG-10545]
Action.c(78): web_url("Our_Coaches.html") was successful, 153272 body bytes, 4097 header bytes  	[MsgId: MMSG-26386]
Action.c(87): web_url("l") started  	[MsgId: MMSG-26355]
Action.c(87): web_url("l") was successful, 1069 body bytes, 1353 header bytes  	[MsgId: MMSG-26386]
Action.c(96): Notify: Transaction "Case_g01_02_Our-Coaches" ended with a "Pass" status (Duration: 1.7807 Wasted Time: 0.0000).	[MsgId: MMSG-16871]
Action.c(100): lr_think_time: 46.00 seconds.	[MsgId: MMSG-15948]
Action.c(102): Notify: Transaction "Case_g01_03_Contact-Us" started.	[MsgId: MMSG-16999]
Action.c(104): web_url("Contact_Us.html") started  	[MsgId: MMSG-26355]
Action.c(104): Connection to update.googleapis.com:443 closed after being inactive for 78 seconds, exceeding the "HTTP Keep-Alive timeout" Runtime Setting (60 seconds). URL="[None]"  	[MsgId: MMSG-27647]
Action.c(104): Error -27792: Failed to connect to server "www.mercury-tours.com:80": [10060] Connection timed out  	[MsgId: MERR-27792]
End auto log messages stack.	[MsgId: MMSG-10544]


Start auto log messages stack - Iteration 2.	[MsgId: MMSG-10545]
Action.c(78): web_url("Our_Coaches.html") was successful, 153272 body bytes, 4097 header bytes  	[MsgId: MMSG-26386]
Action.c(87): web_url("l") started  	[MsgId: MMSG-26355]
Action.c(87): web_url("l") was successful, 1069 body bytes, 1347 header bytes  	[MsgId: MMSG-26386]
Action.c(96): Notify: Transaction "Case_g01_02_Our-Coaches" ended with a "Pass" status (Duration: 1.5035 Wasted Time: 0.0000).	[MsgId: MMSG-16871]
Action.c(100): lr_think_time: 46.00 seconds.	[MsgId: MMSG-15948]
Action.c(102): Notify: Transaction "Case_g01_03_Contact-Us" started.	[MsgId: MMSG-16999]
Action.c(104): web_url("Contact_Us.html") started  	[MsgId: MMSG-26355]
Action.c(104): Connection to update.googleapis.com:443 closed after being inactive for 78 seconds, exceeding the "HTTP Keep-Alive timeout" Runtime Setting (60 seconds). URL="[None]"  	[MsgId: MMSG-27647]
Action.c(104): Error -27792: Failed to connect to server "www.mercury-tours.com:80": [10060] Connection timed out  	[MsgId: MERR-27792]
End auto log messages stack.	[MsgId: MMSG-10544]


Start auto log messages stack - Iteration 2.	[MsgId: MMSG-10545]
Action.c(78): web_url("Our_Coaches.html") was successful, 153272 body bytes, 4097 header bytes  	[MsgId: MMSG-26386]
Action.c(87): web_url("l") started  	[MsgId: MMSG-26355]
Action.c(87): web_url("l") was successful, 1069 body bytes, 1347 header bytes  	[MsgId: MMSG-26386]
Action.c(96): Notify: Transaction "Case_g01_02_Our-Coaches" ended with a "Pass" status (Duration: 0.8185 Wasted Time: 0.0000).	[MsgId: MMSG-16871]
Action.c(100): lr_think_time: 46.00 seconds.	[MsgId: MMSG-15948]
Action.c(102): Notify: Transaction "Case_g01_03_Contact-Us" started.	[MsgId: MMSG-16999]
Action.c(104): web_url("Contact_Us.html") started  	[MsgId: MMSG-26355]
Action.c(104): Connection to update.googleapis.com:443 closed after being inactive for 77 seconds, exceeding the "HTTP Keep-Alive timeout" Runtime Setting (60 seconds). URL="[None]"  	[MsgId: MMSG-27647]
Action.c(104): Error -27792: Failed to connect to server "www.mercury-tours.com:80": [10060] Connection timed out  	[MsgId: MERR-27792]
End auto log messages stack.	[MsgId: MMSG-10544]


Start auto log messages stack - Iteration 2.	[MsgId: MMSG-10545]
Action.c(78): web_url("Our_Coaches.html") was successful, 153272 body bytes, 4097 header bytes  	[MsgId: MMSG-26386]
Action.c(87): web_url("l") started  	[MsgId: MMSG-26355]
Action.c(87): web_url("l") was successful, 1069 body bytes, 1345 header bytes  	[MsgId: MMSG-26386]
Action.c(96): Notify: Transaction "Case_g01_02_Our-Coaches" ended with a "Pass" status (Duration: 0.7788 Wasted Time: 0.0000).	[MsgId: MMSG-16871]
Action.c(100): lr_think_time: 46.00 seconds.	[MsgId: MMSG-15948]
Action.c(102): Notify: Transaction "Case_g01_03_Contact-Us" started.	[MsgId: MMSG-16999]
Action.c(104): web_url("Contact_Us.html") started  	[MsgId: MMSG-26355]
Action.c(104): Connection to update.googleapis.com:443 closed after being inactive for 77 seconds, exceeding the "HTTP Keep-Alive timeout" Runtime Setting (60 seconds). URL="[None]"  	[MsgId: MMSG-27647]
Action.c(104): Error -27792: Failed to connect to server "www.mercury-tours.com:80": [10060] Connection timed out  	[MsgId: MERR-27792]
End auto log messages stack.	[MsgId: MMSG-10544]


Start auto log messages stack - Iteration 2.	[MsgId: MMSG-10545]
Action.c(78): web_url("Our_Coaches.html") was successful, 153272 body bytes, 4097 header bytes  	[MsgId: MMSG-26386]
Action.c(87): web_url("l") started  	[MsgId: MMSG-26355]
Action.c(87): web_url("l") was successful, 1069 body bytes, 1346 header bytes  	[MsgId: MMSG-26386]
Action.c(96): Notify: Transaction "Case_g01_02_Our-Coaches" ended with a "Pass" status (Duration: 0.7564 Wasted Time: 0.0000).	[MsgId: MMSG-16871]
Action.c(100): lr_think_time: 46.00 seconds.	[MsgId: MMSG-15948]
Action.c(102): Notify: Transaction "Case_g01_03_Contact-Us" started.	[MsgId: MMSG-16999]
Action.c(104): web_url("Contact_Us.html") started  	[MsgId: MMSG-26355]
Action.c(104): Connection to update.googleapis.com:443 closed after being inactive for 77 seconds, exceeding the "HTTP Keep-Alive timeout" Runtime Setting (60 seconds). URL="[None]"  	[MsgId: MMSG-27647]
Action.c(104): Error -27792: Failed to connect to server "www.mercury-tours.com:80": [10060] Connection timed out  	[MsgId: MERR-27792]
End auto log messages stack.	[MsgId: MMSG-10544]


Start auto log messages stack - Iteration 2.	[MsgId: MMSG-10545]
Action.c(104): web_url("Contact_Us.html") was successful, 2023 body bytes, 315 header bytes  	[MsgId: MMSG-26386]
Action.c(113): Notify: Transaction "Case_g01_03_Contact-Us" ended with a "Pass" status (Duration: 0.1550).	[MsgId: MMSG-16873]
Action.c(117): lr_think_time: 58.00 seconds.	[MsgId: MMSG-15948]
Action.c(119): Notify: Transaction "Case_g01_04_San-Franscisco-Tours" started.	[MsgId: MMSG-16999]
Action.c(121): web_link("San Franscisco Tours") started  	[MsgId: MMSG-26355]
Action.c(121): Linking to "http://www.mercury-tours.com/San_Francisco_Tours.html", Target Frame=""  	[MsgId: MMSG-27994]
Action.c(121): Connection to translate.googleapis.com:443 closed after being inactive for 104 seconds, exceeding the "HTTP Keep-Alive timeout" Runtime Setting (60 seconds). URL="[None]"  	[MsgId: MMSG-27647]
Action.c(121): Error -27792: Failed to connect to server "www.mercury-tours.com:80": [10060] Connection timed out  	[MsgId: MERR-27792]
End auto log messages stack.	[MsgId: MMSG-10544]


