Virtual User Script started at: 09/05/2024 07:59:53 PM
Starting action vuser_init.
Web Turbo Replay of LoadRunner 2024.1.0 for Windows 11; build 667 (Feb 07 2024 17:45:41)  	[MsgId: MMSG-26983]
Run mode: HTML  	[MsgId: MMSG-26993]
Replay user agent: Mozilla/5.0 (Windows NT 10.0; Win64; x64) AppleWebKit/537.36 (KHTML, like Gecko) Chrome/124.0.0.0 Safari/537.36  	[MsgId: MMSG-26988]
Runtime Settings file: "C:\Users\lalor\Documents\Git\Software-Quality-and-Engineering---UP\Fundamentos de pruebas y calidad de software\VUGen\Garbarino\Garbarino_Mayo\\default.cfg"  	[MsgId: MMSG-27141]
Ending action vuser_init.
Running Vuser...
Starting iteration 1.
Maximum number of concurrent connections per server: 6  	[MsgId: MMSG-26989]
Starting action Action.
Action.c(4): web_set_sockets_option started  	[MsgId: MMSG-26355]
Action.c(4): web_set_sockets_option was successful  	[MsgId: MMSG-26392]
Action.c(6): web_url("www.garbarino.com") started  	[MsgId: MMSG-26355]
Action.c(6): Found resource "https://d2eebw31vcx88p.cloudfront.net/garbarino/static-v-shop/1715091108275/css/v-shop-vendors.07fc6c9a.css" in HTML "https://www.garbarino.com/"  	[MsgId: MMSG-26659]
Action.c(6): Found resource "https://d2eebw31vcx88p.cloudfront.net/garbarino/static-v-shop/1715091108275/css/v-shop.6de70e86.css" in HTML "https://www.garbarino.com/"  	[MsgId: MMSG-26659]
Action.c(6): Found resource "https://d2eebw31vcx88p.cloudfront.net/garbarino/static-v-shop/1715091108275/css/dpc.57ab42ce.css" in HTML "https://www.garbarino.com/"  	[MsgId: MMSG-26659]
Action.c(6): Found resource "https://d2eebw31vcx88p.cloudfront.net/garbarino/uploads/a38f075de7e420f4a20866be034d36508c3b40c8.png" in HTML "https://www.garbarino.com/"  	[MsgId: MMSG-26659]
Action.c(6): Found resource "https://d2eebw31vcx88p.cloudfront.net/garbarino/uploads/742cd64a2ce762e31d249fbd6b7d15444a6a5083.jpg" in HTML "https://www.garbarino.com/"  	[MsgId: MMSG-26659]
Action.c(6): Found resource "https://d2eebw31vcx88p.cloudfront.net/garbarino/uploads/56241cfdcb1b8f64136fe812167d381fbe310df4.jpg" in HTML "https://www.garbarino.com/"  	[MsgId: MMSG-26659]
Action.c(6): Found resource "https://d2eebw31vcx88p.cloudfront.net/garbarino/uploads/9b7d37b4abcbd17658f4ac83f68f704dab0229da.jpg" in HTML "https://www.garbarino.com/"  	[MsgId: MMSG-26659]
Action.c(6): Found resource "https://d2eebw31vcx88p.cloudfront.net/garbarino/uploads/e3ee312ec86e380abf7cc21ff7224f802e77d802.jpg" in HTML "https://www.garbarino.com/"  	[MsgId: MMSG-26659]
Action.c(6): Found resource "https://d2eebw31vcx88p.cloudfront.net/garbarino/uploads/5e8754ba15d15d4a08405c6ac1d5a68f96efd6d5.jpg" in HTML "https://www.garbarino.com/"  	[MsgId: MMSG-26659]
Action.c(6): Found resource "https://d2eebw31vcx88p.cloudfront.net/garbarino/uploads/e8af72d6950cdc43c3fe342e0320c4886f5a5eba.jpg" in HTML "https://www.garbarino.com/"  	[MsgId: MMSG-26659]
Action.c(6): Found resource "https://d2eebw31vcx88p.cloudfront.net/garbarino/uploads/b4ff28bbe3fb60e7c46c610a33e34fbb4c3c0eab.jpg" in HTML "https://www.garbarino.com/"  	[MsgId: MMSG-26659]
Action.c(6): Found resource "https://d2eebw31vcx88p.cloudfront.net/garbarino/uploads/1b0e5b393a3dec96997344ec155b3b463d57e7cc.jpg" in HTML "https://www.garbarino.com/"  	[MsgId: MMSG-26659]
Action.c(6): Found resource "https://d2eebw31vcx88p.cloudfront.net/garbarino/uploads/01ec97d4f5f7136f472db771839e2c55e14f0c14.jpg" in HTML "https://www.garbarino.com/"  	[MsgId: MMSG-26659]
Action.c(6): Found resource "https://d2eebw31vcx88p.cloudfront.net/garbarino/uploads/e196fc82c824416b7165da4acfbd6fde871ba0d7.jpg" in HTML "https://www.garbarino.com/"  	[MsgId: MMSG-26659]
Action.c(6): Found resource "https://d2eebw31vcx88p.cloudfront.net/garbarino/uploads/7955fb622574ab96d4e5e79f653ba6d2acaa7f9c.jpg" in HTML "https://www.garbarino.com/"  	[MsgId: MMSG-26659]
Action.c(6): Found resource "https://d2eebw31vcx88p.cloudfront.net/garbarino/uploads/d3a74bedb55052d951d84d5473d508bc9103b566.jpg" in HTML "https://www.garbarino.com/"  	[MsgId: MMSG-26659]
Action.c(6): Found resource "https://d2eebw31vcx88p.cloudfront.net/garbarino/uploads/2de21747bb76b14109fe5831cce63e93d1d41a5c.jpg" in HTML "https://www.garbarino.com/"  	[MsgId: MMSG-26659]
Action.c(6): Found resource "https://d2eebw31vcx88p.cloudfront.net/garbarino/uploads/3a35a3188b324941ff0db6e1b22eda72ad49f57f.jpg" in HTML "https://www.garbarino.com/"  	[MsgId: MMSG-26659]
Action.c(6): Found resource "https://d2eebw31vcx88p.cloudfront.net/garbarino/uploads/1956b9b58036f245ecdeb4d06b02490e5ed4f4a5.jpg" in HTML "https://www.garbarino.com/"  	[MsgId: MMSG-26659]
Action.c(6): Found resource "https://d2eebw31vcx88p.cloudfront.net/garbarino/uploads/05925b7d9d7e78537f2795cb9f27603399ffb2fc.jpg" in HTML "https://www.garbarino.com/"  	[MsgId: MMSG-26659]
Action.c(6): Found resource "https://d2eebw31vcx88p.cloudfront.net/garbarino/uploads/8ce9d75e33fa0f5ba18b53a0b71afdd0f2e651ac.jpg" in HTML "https://www.garbarino.com/"  	[MsgId: MMSG-26659]
Action.c(6): Found resource "https://d2eebw31vcx88p.cloudfront.net/garbarino/uploads/ceac45702c1157092266c8cb56b0be492735e837.jpg" in HTML "https://www.garbarino.com/"  	[MsgId: MMSG-26659]
Action.c(6): Found resource "https://d2eebw31vcx88p.cloudfront.net/garbarino/uploads/57e34e151d65da9bcd1ab90c0eabe0ba68f2e2ee.jpg" in HTML "https://www.garbarino.com/"  	[MsgId: MMSG-26659]
Action.c(6): Found resource "https://d2eebw31vcx88p.cloudfront.net/garbarino/uploads/fbbeba94777ed5cb449b630be5a29e254858d3cc.jpg" in HTML "https://www.garbarino.com/"  	[MsgId: MMSG-26659]
Action.c(6): Found resource "https://d2eebw31vcx88p.cloudfront.net/garbarino/uploads/7227021f4d194d10474844eb3e909f1fd99dd72a.jpg" in HTML "https://www.garbarino.com/"  	[MsgId: MMSG-26659]
Action.c(6): Found resource "https://d2eebw31vcx88p.cloudfront.net/garbarino/uploads/cf85b33266e32bd508f3d53ce1d846c7de6f058c.jpg" in HTML "https://www.garbarino.com/"  	[MsgId: MMSG-26659]
Action.c(6): Found resource "https://d2eebw31vcx88p.cloudfront.net/garbarino/uploads/b079f27b518867f85994994b2a9dcdaa4fa6592f.jpg" in HTML "https://www.garbarino.com/"  	[MsgId: MMSG-26659]
Action.c(6): Found resource "https://d2eebw31vcx88p.cloudfront.net/garbarino/uploads/632c4b9538aee82d7b8d21a663569e0a98394106.jpg" in HTML "https://www.garbarino.com/"  	[MsgId: MMSG-26659]
Action.c(6): Found resource "https://d2eebw31vcx88p.cloudfront.net/garbarino/uploads/fe1bab8aedca658b8b56c125cced77ce66fff696.png" in HTML "https://www.garbarino.com/"  	[MsgId: MMSG-26659]
Action.c(6): Found resource "https://d2eebw31vcx88p.cloudfront.net/garbarino/uploads/1ec7adca672d97b78f45953e4de4c04088f5d1fa.jpg" in HTML "https://www.garbarino.com/"  	[MsgId: MMSG-26659]
Action.c(6): Found resource "https://d2eebw31vcx88p.cloudfront.net/garbarino/uploads/2078dbde54486a2946854cc78d7fab9c2ffe0665.jpg" in HTML "https://www.garbarino.com/"  	[MsgId: MMSG-26659]
Action.c(6): Found resource "https://d2eebw31vcx88p.cloudfront.net/garbarino/uploads/5be52e8bce007865a6e47a6c41d63de5ba4b1dce.jpg" in HTML "https://www.garbarino.com/"  	[MsgId: MMSG-26659]
Action.c(6): Found resource "https://d2eebw31vcx88p.cloudfront.net/garbarino/uploads/76054df866955a538cc91b3b490c293ed92bf54c.jpg" in HTML "https://www.garbarino.com/"  	[MsgId: MMSG-26659]
Action.c(6): Found resource "https://d2eebw31vcx88p.cloudfront.net/garbarino/uploads/bc7d7ad66fe1af1b6a2a2a5de4552486015f2ee4.jpg" in HTML "https://www.garbarino.com/"  	[MsgId: MMSG-26659]
Action.c(6): Found resource "https://d2eebw31vcx88p.cloudfront.net/garbarino/uploads/ef94156ac3fb899505fee264850bda65b9bbd7a6.jpg" in HTML "https://www.garbarino.com/"  	[MsgId: MMSG-26659]
Action.c(6): Found resource "https://d2eebw31vcx88p.cloudfront.net/garbarino/uploads/f8dc56e2c1837cfae5558d8c14f91886f86b7284.jpg" in HTML "https://www.garbarino.com/"  	[MsgId: MMSG-26659]
Action.c(6): Found resource "https://d2eebw31vcx88p.cloudfront.net/garbarino/uploads/276b2e43d308a20a679c9097dae385bcb1d6c886.jpg" in HTML "https://www.garbarino.com/"  	[MsgId: MMSG-26659]
Action.c(6): Found resource "https://d2eebw31vcx88p.cloudfront.net/garbarino/uploads/1e35f56d34efb2d8fdc16c77aa63cd3618e2a586.jpg" in HTML "https://www.garbarino.com/"  	[MsgId: MMSG-26659]
Action.c(6): Found resource "https://d2eebw31vcx88p.cloudfront.net/garbarino/uploads/96eb0216b3de9cc42ba0d4a0bebcab3606483bf1.jpg" in HTML "https://www.garbarino.com/"  	[MsgId: MMSG-26659]
Action.c(6): Found resource "https://d2eebw31vcx88p.cloudfront.net/garbarino/uploads/9a80e2a32f9e14a01430af5909d852545f64683f.jpg" in HTML "https://www.garbarino.com/"  	[MsgId: MMSG-26659]
Action.c(6): Found resource "https://d2eebw31vcx88p.cloudfront.net/garbarino/uploads/ca73bbc0946ea76941d665d21d5325ab302ca8c5.jpg" in HTML "https://www.garbarino.com/"  	[MsgId: MMSG-26659]
Action.c(6): Found resource "https://d2eebw31vcx88p.cloudfront.net/garbarino/uploads/ed397171c245a5e9d552e3eba0d13680da2bfc59.jpg" in HTML "https://www.garbarino.com/"  	[MsgId: MMSG-26659]
Action.c(6): Found resource "https://d2eebw31vcx88p.cloudfront.net/garbarino/uploads/a46e714eac438c8eac673b28c97e847263684ef6.jpg" in HTML "https://www.garbarino.com/"  	[MsgId: MMSG-26659]
Action.c(6): Found resource "https://d2eebw31vcx88p.cloudfront.net/garbarino/uploads/7d4653f0a94b146643b4a5450433ccb5882c6bc8.jpg" in HTML "https://www.garbarino.com/"  	[MsgId: MMSG-26659]
Action.c(6): Found resource "https://d2eebw31vcx88p.cloudfront.net/garbarino/uploads/d98a7dabcca44d89ba693266b9a0a6c16b9be32d.jpg" in HTML "https://www.garbarino.com/"  	[MsgId: MMSG-26659]
Action.c(6): Found resource "https://d2eebw31vcx88p.cloudfront.net/garbarino/uploads/6227f569e09d121e0f7a61dbb53c18230f2c2a64.jpg" in HTML "https://www.garbarino.com/"  	[MsgId: MMSG-26659]
Action.c(6): Found resource "https://d2eebw31vcx88p.cloudfront.net/garbarino/uploads/60c284278bc7527d8b3a045a856c1f382bc53a12.jpg" in HTML "https://www.garbarino.com/"  	[MsgId: MMSG-26659]
Action.c(6): Found resource "https://d2eebw31vcx88p.cloudfront.net/garbarino/uploads/1fde5544c730e04c252a7c1221a8d35c2f258299.jpg" in HTML "https://www.garbarino.com/"  	[MsgId: MMSG-26659]
Action.c(6): Found resource "https://d2eebw31vcx88p.cloudfront.net/garbarino/uploads/6beee9d068d7b2585ca15b20cbcb7c3572af7ac4.jpg" in HTML "https://www.garbarino.com/"  	[MsgId: MMSG-26659]
Action.c(6): Found resource "https://d2eebw31vcx88p.cloudfront.net/garbarino/uploads/8ab4dc8ff7553658a8718a10ba46b9558e802b55.jpg" in HTML "https://www.garbarino.com/"  	[MsgId: MMSG-26659]
Action.c(6): Found resource "https://d2eebw31vcx88p.cloudfront.net/garbarino/uploads/f8811682f8ee243dd1d9b0b3dc365d0e55405a14.jpg" in HTML "https://www.garbarino.com/"  	[MsgId: MMSG-26659]
Action.c(6): Found resource "https://d2eebw31vcx88p.cloudfront.net/garbarino/uploads/14d13380e2a4043e10d12626892304d550905e20.jpg" in HTML "https://www.garbarino.com/"  	[MsgId: MMSG-26659]
Action.c(6): Found resource "https://d2eebw31vcx88p.cloudfront.net/garbarino/uploads/434e353d26c767f7a5a542bd25bcee9d4ae6adbd.jpg" in HTML "https://www.garbarino.com/"  	[MsgId: MMSG-26659]
Action.c(6): Found resource "https://d2eebw31vcx88p.cloudfront.net/garbarino/uploads/fc594215807e15e3adaf315436ef21fcb59fe482.jpg" in HTML "https://www.garbarino.com/"  	[MsgId: MMSG-26659]
Action.c(6): Found resource "https://d2eebw31vcx88p.cloudfront.net/garbarino/uploads/0ed8916850e052596c2238a8006e483f0188f01f.jpg" in HTML "https://www.garbarino.com/"  	[MsgId: MMSG-26659]
Action.c(6): Found resource "https://d2eebw31vcx88p.cloudfront.net/garbarino/uploads/7e62e31a1117fbf26fa8fdd93f07f4540c0a412b.jpg" in HTML "https://www.garbarino.com/"  	[MsgId: MMSG-26659]
Action.c(6): Found resource "https://d2eebw31vcx88p.cloudfront.net/garbarino/uploads/ec5a67f33e2877dc4a12649a1362e22bddb21cd3.jpg" in HTML "https://www.garbarino.com/"  	[MsgId: MMSG-26659]
Action.c(6): Found resource "https://d2eebw31vcx88p.cloudfront.net/garbarino/uploads/14658963f5f854f2c9d92620976f2b58ad70fb88.jpg" in HTML "https://www.garbarino.com/"  	[MsgId: MMSG-26659]
Action.c(6): Found resource "https://d2eebw31vcx88p.cloudfront.net/garbarino/uploads/e1c891358becf063b7d5338dc5fd1d9998371a37.png" in HTML "https://www.garbarino.com/"  	[MsgId: MMSG-26659]
Action.c(6): Found resource "https://d2eebw31vcx88p.cloudfront.net/garbarino/uploads/7cd1659bbc22c4ebcb1efdb1b619b5465940e19e.png" in HTML "https://www.garbarino.com/"  	[MsgId: MMSG-26659]
Action.c(6): Found resource "https://d2eebw31vcx88p.cloudfront.net/garbarino/uploads/f9da82c7a20db7fd39410eb96db694aa6d648307.png" in HTML "https://www.garbarino.com/"  	[MsgId: MMSG-26659]
Action.c(6): Found resource "https://d2eebw31vcx88p.cloudfront.net/garbarino/static-v-shop/1715091108275/js/v-shop-vendors.aeaa309b.js" in HTML "https://www.garbarino.com/"  	[MsgId: MMSG-26659]
Action.c(6): Found resource "https://d2eebw31vcx88p.cloudfront.net/garbarino/static-v-shop/1715091108275/js/dpc.2d19665b.js" in HTML "https://www.garbarino.com/"  	[MsgId: MMSG-26659]
Action.c(6): Found resource "https://d2eebw31vcx88p.cloudfront.net/garbarino/static-v-shop/1715091108275/js/v-shop.a351659b.js" in HTML "https://www.garbarino.com/"  	[MsgId: MMSG-26659]
Action.c(6): web_url("www.garbarino.com") was successful, 3755084 body bytes, 36128 header bytes  	[MsgId: MMSG-26386]
Action.c(16): web_set_sockets_option started  	[MsgId: MMSG-26355]
Action.c(16): web_set_sockets_option was successful  	[MsgId: MMSG-26392]
Action.c(18): web_custom_request("get_info") started  	[MsgId: MMSG-26355]
Action.c(18): Connection to www.garbarino.com:443 closed after being inactive for 82 seconds, exceeding the "HTTP Keep-Alive timeout" Runtime Setting (60 seconds). URL="[None]"  	[MsgId: MMSG-27647]
Action.c(18): Connection to d2eebw31vcx88p.cloudfront.net:443 closed after being inactive for 76 seconds, exceeding the "HTTP Keep-Alive timeout" Runtime Setting (60 seconds). URL="[None]"  	[MsgId: MMSG-27647]
Action.c(18): web_custom_request("get_info") was successful, 2911 body bytes, 615 header bytes, 12 chunking overhead bytes  	[MsgId: MMSG-26385]
Action.c(31): web_set_sockets_option started  	[MsgId: MMSG-26355]
Action.c(31): web_set_sockets_option was successful  	[MsgId: MMSG-26392]
Action.c(33): web_custom_request("session") started  	[MsgId: MMSG-26355]
Action.c(33): web_custom_request("session") was successful, 20 body bytes, 453 header bytes, 11 chunking overhead bytes  	[MsgId: MMSG-26385]
Action.c(46): web_custom_request("prompt") started  	[MsgId: MMSG-26355]
Action.c(46): web_custom_request("prompt") was successful, 20 body bytes, 453 header bytes, 11 chunking overhead bytes  	[MsgId: MMSG-26385]
Action.c(61): web_custom_request("json") started  	[MsgId: MMSG-26355]
Action.c(61): web_custom_request("json") was successful, 242 body bytes, 1156 header bytes  	[MsgId: MMSG-26386]
Action.c(76): web_set_sockets_option started  	[MsgId: MMSG-26355]
Action.c(76): web_set_sockets_option was successful  	[MsgId: MMSG-26392]
Action.c(80): web_custom_request("prompt_2") started  	[MsgId: MMSG-26355]
Action.c(80): web_custom_request("prompt_2") was successful, 20 body bytes, 453 header bytes, 11 chunking overhead bytes  	[MsgId: MMSG-26385]
Action.c(95): web_submit_data("signin") started  	[MsgId: MMSG-26355]
Action.c(95): web_submit_data("signin") was successful, 411 body bytes, 735 header bytes  	[MsgId: MMSG-26386]
Action.c(108): web_url("products-ids") started  	[MsgId: MMSG-26355]
Action.c(108): web_url("products-ids") was successful, 55 body bytes, 657 header bytes  	[MsgId: MMSG-26386]
Action.c(118): web_set_sockets_option started  	[MsgId: MMSG-26355]
Action.c(118): web_set_sockets_option was successful  	[MsgId: MMSG-26392]
Action.c(122): web_custom_request("json_2") started  	[MsgId: MMSG-26355]
Action.c(122): web_custom_request("json_2") was successful, 3436 body bytes, 1153 header bytes  	[MsgId: MMSG-26386]
Action.c(154): web_submit_data("shop") started  	[MsgId: MMSG-26355]
Action.c(154): web_submit_data("shop") was successful, 84080 body bytes, 687 header bytes  	[MsgId: MMSG-26386]
Action.c(167): web_custom_request("json_3") started  	[MsgId: MMSG-26355]
Action.c(167): web_custom_request("json_3") was successful, 170 body bytes, 637 header bytes  	[MsgId: MMSG-26386]
Action.c(185): web_custom_request("json_4") started  	[MsgId: MMSG-26355]
Action.c(185): web_custom_request("json_4") was successful, 170 body bytes, 704 header bytes  	[MsgId: MMSG-26386]
Action.c(201): web_url("3d2009af-fe4f-4fa0-815e-a44b2a261912") started  	[MsgId: MMSG-26355]
Action.c(201): web_url("3d2009af-fe4f-4fa0-815e-a44b2a261912") was successful, 52409 body bytes, 687 header bytes  	[MsgId: MMSG-26386]
Action.c(211): web_custom_request("upload") started  	[MsgId: MMSG-26355]
Action.c(211): web_custom_request("upload") was successful, 0 body bytes, 1207 header bytes  	[MsgId: MMSG-26386]
Action.c(224): web_custom_request("upload_2") started  	[MsgId: MMSG-26355]
Action.c(224): web_custom_request("upload_2") was successful, 0 body bytes, 1164 header bytes  	[MsgId: MMSG-26386]
Action.c(238): web_custom_request("json_5") started  	[MsgId: MMSG-26355]
Action.c(238): web_custom_request("json_5") was successful, 169 body bytes, 704 header bytes  	[MsgId: MMSG-26386]
Action.c(256): web_custom_request("json_6") started  	[MsgId: MMSG-26355]
Action.c(256): web_custom_request("json_6") was successful, 170 body bytes, 637 header bytes  	[MsgId: MMSG-26386]
Action.c(272): web_set_sockets_option started  	[MsgId: MMSG-26355]
Action.c(272): web_set_sockets_option was successful  	[MsgId: MMSG-26392]
Action.c(274): web_submit_data("item") started  	[MsgId: MMSG-26355]
Action.c(274): web_submit_data("item") was successful, 10131 body bytes, 819 header bytes  	[MsgId: MMSG-26386]
Action.c(287): web_url("3d2009af-fe4f-4fa0-815e-a44b2a261912_2") started  	[MsgId: MMSG-26355]
Action.c(287): web_url("3d2009af-fe4f-4fa0-815e-a44b2a261912_2") was successful, 59 body bytes, 657 header bytes  	[MsgId: MMSG-26386]
Action.c(299): web_url("init") started  	[MsgId: MMSG-26355]
Action.c(299): web_url("init") was successful, 1449 body bytes, 1186 header bytes  	[MsgId: MMSG-26386]
Action.c(309): web_submit_data("signin_2") started  	[MsgId: MMSG-26355]
Action.c(309): Error -26630: HTTP Status-Code=400 (Bad Request) for "https://www.garbarino.com/api/checkout/load-step/signin"  	[MsgId: MERR-26630]
Action.c(309): web_submit_data("signin_2") highest severity level was "ERROR", 187 body bytes, 651 header bytes  	[MsgId: MMSG-26388]
Ending action Action.
Ending iteration 1.
Ending Vuser...
Starting action vuser_end.
Ending action vuser_end.
Vuser Terminated.
