Virtual User Script started at: 29/05/2024 07:13:28 PM
Starting action vuser_init.
Web Turbo Replay of LoadRunner 2024.1.0 for Windows 11; build 667 (Feb 07 2024 17:45:41)  	[MsgId: MMSG-26983]
Run mode: HTML  	[MsgId: MMSG-26993]
Replay user agent: Mozilla/5.0 (compatible; MSIE 10.0; Windows NT 6.1; Trident/6.0)  	[MsgId: MMSG-26988]
Runtime Settings file: "C:\Users\lalor\Documents\Git\Software-Quality-and-Engineering---UP\Fundamentos de pruebas y calidad de software\Guardian\Functional\\default.cfg"  	[MsgId: MMSG-27141]
Ending action vuser_init.
Running Vuser...
Starting iteration 1.
Maximum number of concurrent connections per server: 6  	[MsgId: MMSG-26989]
Starting action Action.
Action.c(11): web_set_sockets_option started  	[MsgId: MMSG-26355]
Action.c(11): web_set_sockets_option was successful  	[MsgId: MMSG-26392]
Action.c(12): web_cache_cleanup started  	[MsgId: MMSG-26355]
Action.c(12): web_cache_cleanup was successful  	[MsgId: MMSG-26392]
Action.c(13): web_cleanup_cookies started  	[MsgId: MMSG-26355]
Action.c(13): web_cleanup_cookies was successful  	[MsgId: MMSG-26392]
Action.c(16): web_reg_find started  	[MsgId: MMSG-26355]
Action.c(16): Registering web_reg_find was successful  	[MsgId: MMSG-26390]
Action.c(17): Notify: Transaction "Whole_workflow_01-Alive" started.
Action.c(18): web_url("Alive") started  	[MsgId: MMSG-26355]
Action.c(18): Registered web_reg_find successful for "Text="success":true" (count=1)  	[MsgId: MMSG-26364]
Action.c(18): web_url("Alive") was successful, 45 body bytes, 163 header bytes  	[MsgId: MMSG-26386]
Action.c(24): Notify: Transaction "Whole_workflow_01-Alive" ended with a "Pass" status (Duration: 0.2347 Wasted Time: 0.0578).
Action.c(27): web_reg_find started  	[MsgId: MMSG-26355]
Action.c(27): Registering web_reg_find was successful  	[MsgId: MMSG-26390]
Action.c(28): Notify: Transaction "Whole_workflow_02-Questions" started.
Action.c(29): web_url("Questions") started  	[MsgId: MMSG-26355]
Action.c(29): Registered web_reg_find successful for "Text="success":true" (count=1)  	[MsgId: MMSG-26364]
Action.c(29): web_url("Questions") was successful, 552 body bytes, 164 header bytes  	[MsgId: MMSG-26386]
Action.c(35): Notify: Transaction "Whole_workflow_02-Questions" ended with a "Pass" status (Duration: 0.0616 Wasted Time: 0.0041).
Action.c(41): web_reg_find started  	[MsgId: MMSG-26355]
Action.c(41): Registering web_reg_find was successful  	[MsgId: MMSG-26390]
Action.c(42): Notify: Transaction "Whole_workflow_03-Create" started.
Action.c(43): web_custom_request("Create") started  	[MsgId: MMSG-26355]
Action.c(43): Registered web_reg_find successful for "Text="success":true" (count=1)  	[MsgId: MMSG-26364]
Action.c(43): web_custom_request("Create") was successful, 59 body bytes, 163 header bytes  	[MsgId: MMSG-26386]
Action.c(52): Notify: Transaction "Whole_workflow_03-Create" ended with a "Pass" status (Duration: 0.0793 Wasted Time: 0.0036).
Action.c(56): web_reg_find started  	[MsgId: MMSG-26355]
Action.c(56): Registering web_reg_find was successful  	[MsgId: MMSG-26390]
Action.c(57): Notify: Transaction "Whole_workflow_04-User-Questions" started.
Action.c(58): web_url("User-Questions") started  	[MsgId: MMSG-26355]
Action.c(58): Registered web_reg_find successful for "Text="success":true" (count=1)  	[MsgId: MMSG-26364]
Action.c(58): web_url("User-Questions") was successful, 185 body bytes, 164 header bytes  	[MsgId: MMSG-26386]
Action.c(64): Notify: Transaction "Whole_workflow_04-User-Questions" ended with a "Pass" status (Duration: 0.0640 Wasted Time: 0.0062).
Action.c(68): web_reg_find started  	[MsgId: MMSG-26355]
Action.c(68): Registering web_reg_find was successful  	[MsgId: MMSG-26390]
Action.c(69): Notify: Transaction "Whole_workflow_05-Update-Password" started.
Action.c(70): web_custom_request("Update-Password") started  	[MsgId: MMSG-26355]
Action.c(70): Registered web_reg_find successful for "Text="success":true" (count=1)  	[MsgId: MMSG-26364]
Action.c(70): web_custom_request("Update-Password") was successful, 81 body bytes, 163 header bytes  	[MsgId: MMSG-26386]
Action.c(79): Notify: Transaction "Whole_workflow_05-Update-Password" ended with a "Pass" status (Duration: 0.0636 Wasted Time: 0.0036).
Action.c(82): web_reg_save_param_ex started  	[MsgId: MMSG-26355]
Action.c(82): Registering web_reg_save_param_ex was successful  	[MsgId: MMSG-26390]
Action.c(89): web_reg_find started  	[MsgId: MMSG-26355]
Action.c(89): Registering web_reg_find was successful  	[MsgId: MMSG-26390]
Action.c(90): Notify: Transaction "Whole_workflow_06-Login" started.
Action.c(91): web_custom_request("Login") started  	[MsgId: MMSG-26355]
Action.c(91): Registered web_reg_find successful for "Text="success":true" (count=1)  	[MsgId: MMSG-26364]
Action.c(91): web_custom_request("Login") was successful, 168 body bytes, 164 header bytes  	[MsgId: MMSG-26386]
Action.c(100): Notify: Transaction "Whole_workflow_06-Login" ended with a "Pass" status (Duration: 0.0631 Wasted Time: 0.0047).
Action.c(102): web_add_auto_header("Authorization") started  	[MsgId: MMSG-26355]
Action.c(102): Warning -26592: The header being added may cause unpredictable results when applied to all ensuing URLs. It is added anyway  	[MsgId: MWAR-26592]
Action.c(102): web_add_auto_header("Authorization") highest severity level was "warning"  	[MsgId: MMSG-26391]
Action.c(105): web_reg_find started  	[MsgId: MMSG-26355]
Action.c(105): Registering web_reg_find was successful  	[MsgId: MMSG-26390]
Action.c(106): Notify: Transaction "Whole_workflow_07-Create-Credential" started.
Action.c(107): web_custom_request("Create-Credential") started  	[MsgId: MMSG-26355]
Action.c(107): Registered web_reg_find successful for "Text="success":true" (count=1)  	[MsgId: MMSG-26364]
Action.c(107): web_custom_request("Create-Credential") was successful, 17 body bytes, 163 header bytes  	[MsgId: MMSG-26386]
Action.c(116): Notify: Transaction "Whole_workflow_07-Create-Credential" ended with a "Pass" status (Duration: 0.0634 Wasted Time: 0.0031).
Action.c(119): web_reg_save_param_ex started  	[MsgId: MMSG-26355]
Action.c(119): Registering web_reg_save_param_ex was successful  	[MsgId: MMSG-26390]
Action.c(125): web_reg_find started  	[MsgId: MMSG-26355]
Action.c(125): Registering web_reg_find was successful  	[MsgId: MMSG-26390]
Action.c(126): Notify: Transaction "Whole_workflow_08-List" started.
Action.c(127): web_custom_request("List") started  	[MsgId: MMSG-26355]
Action.c(127): Registered web_reg_find successful for "Text="success":true" (count=1)  	[MsgId: MMSG-26364]
Action.c(127): web_custom_request("List") was successful, 148 body bytes, 164 header bytes  	[MsgId: MMSG-26386]
Action.c(135): Notify: Transaction "Whole_workflow_08-List" ended with a "Pass" status (Duration: 0.0618 Wasted Time: 0.0029).
Action.c(138): web_reg_find started  	[MsgId: MMSG-26355]
Action.c(138): Registering web_reg_find was successful  	[MsgId: MMSG-26390]
Action.c(139): Notify: Transaction "Whole_workflow_09-Search" started.
Action.c(140): web_custom_request("Search") started  	[MsgId: MMSG-26355]
Action.c(140): Registered web_reg_find successful for "Text="success":true" (count=1)  	[MsgId: MMSG-26364]
Action.c(140): web_custom_request("Search") was successful, 148 body bytes, 164 header bytes  	[MsgId: MMSG-26386]
Action.c(148): Notify: Transaction "Whole_workflow_09-Search" ended with a "Pass" status (Duration: 0.0639 Wasted Time: 0.0031).
Action.c(154): web_reg_find started  	[MsgId: MMSG-26355]
Action.c(154): Registering web_reg_find was successful  	[MsgId: MMSG-26390]
Action.c(155): Notify: Transaction "Whole_workflow_10-Update-credential" started.
Action.c(156): web_custom_request("Update-credential") started  	[MsgId: MMSG-26355]
Action.c(156): Registered web_reg_find successful for "Text="success":true" (count=1)  	[MsgId: MMSG-26364]
Action.c(156): web_custom_request("Update-credential") was successful, 17 body bytes, 163 header bytes  	[MsgId: MMSG-26386]
Action.c(165): Notify: Transaction "Whole_workflow_10-Update-credential" ended with a "Pass" status (Duration: 0.0777 Wasted Time: 0.0029).
Action.c(170): web_reg_find started  	[MsgId: MMSG-26355]
Action.c(170): Registering web_reg_find was successful  	[MsgId: MMSG-26390]
Action.c(171): Notify: Transaction "Whole_workflow_11-Get-credential" started.
Action.c(172): web_custom_request("Get-credential") started  	[MsgId: MMSG-26355]
Action.c(172): Registered web_reg_find successful for "Text="success":true" (count=1)  	[MsgId: MMSG-26364]
Action.c(172): web_custom_request("Get-credential") was successful, 205 body bytes, 164 header bytes  	[MsgId: MMSG-26386]
Action.c(180): Notify: Transaction "Whole_workflow_11-Get-credential" ended with a "Pass" status (Duration: 0.0638 Wasted Time: 0.0031).
Action.c(185): web_reg_find started  	[MsgId: MMSG-26355]
Action.c(185): Registering web_reg_find was successful  	[MsgId: MMSG-26390]
Action.c(186): Notify: Transaction "Whole_workflow_12-Delete-credential" started.
Action.c(187): web_custom_request("Delete-credential") started  	[MsgId: MMSG-26355]
Action.c(187): Registered web_reg_find successful for "Text="success":true" (count=1)  	[MsgId: MMSG-26364]
Action.c(187): web_custom_request("Delete-credential") was successful, 17 body bytes, 163 header bytes  	[MsgId: MMSG-26386]
Action.c(195): Notify: Transaction "Whole_workflow_12-Delete-credential" ended with a "Pass" status (Duration: 0.3008 Wasted Time: 0.0030).
Action.c(198): web_reg_find started  	[MsgId: MMSG-26355]
Action.c(198): Registering web_reg_find was successful  	[MsgId: MMSG-26390]
Action.c(199): Notify: Transaction "Whole_workflow_13-Export" started.
Action.c(200): web_custom_request("m") started  	[MsgId: MMSG-26355]
Action.c(200): Registered web_reg_find successful for "Text="success":true" (count=1)  	[MsgId: MMSG-26364]
Action.c(200): web_custom_request("m") was successful, 46 body bytes, 163 header bytes  	[MsgId: MMSG-26386]
Action.c(208): Notify: Transaction "Whole_workflow_13-Export" ended with a "Pass" status (Duration: 0.0628 Wasted Time: 0.0037).
Action.c(211): web_reg_find started  	[MsgId: MMSG-26355]
Action.c(211): Registering web_reg_find was successful  	[MsgId: MMSG-26390]
Action.c(212): Notify: Transaction "Whole_workflow_14-Delete-account" started.
Action.c(213): web_custom_request("Export") started  	[MsgId: MMSG-26355]
Action.c(213): Registered web_reg_find successful for "Text="success":true" (count=1)  	[MsgId: MMSG-26364]
Action.c(213): web_custom_request("Export") was successful, 17 body bytes, 163 header bytes  	[MsgId: MMSG-26386]
Action.c(221): Notify: Transaction "Whole_workflow_14-Delete-account" ended with a "Pass" status (Duration: 0.0789 Wasted Time: 0.0030).
Action.c(223): web_remove_auto_header("Authorization") started  	[MsgId: MMSG-26355]
Action.c(223): Previous automatically added web header for "Authorization" removed  	[MsgId: MMSG-26586]
Action.c(223): web_remove/revert_auto_header("Authorization") was successful  	[MsgId: MMSG-26392]
Ending action Action.
Ending iteration 1.
Ending Vuser...
Starting action vuser_end.
Ending action vuser_end.
Vuser Terminated.
